<?xml version="1.0" encoding="UTF-8"?>
<testsuite name="UpdateBooking" tests="1" skipped="0" failures="0" errors="0" timestamp="2022-02-26T15:39:06" hostname="DSP-16462" time="4.51">
  <properties/>
  <testcase name="createToken()" classname="UpdateBooking" time="4.51"/>
  <system-out><![CDATA[Request method:	POST
Request URI:	https://restful-booker.herokuapp.com/auth
Proxy:			<none>
Request params:	<none>
Query params:	<none>
Form params:	<none>
Path params:	<none>
Headers:		Accept=*/*
				Content-Type=application/json
Cookies:		<none>
Multiparts:		<none>
Body:
{
    "username": "admin",
    "password": "password123"
}
HTTP/1.1 200 OK
Server: Cowboy
Connection: keep-alive
X-Powered-By: Express
Content-Type: application/json; charset=utf-8
Content-Length: 27
Etag: W/"1b-rsN90/JPyhkAc4T9apYONM52Lx4"
Date: Sat, 26 Feb 2022 15:39:06 GMT
Via: 1.1 vegur

{
    "token": "18568447133e342"
}
Request method:	PUT
Request URI:	https://restful-booker.herokuapp.com/booking/3
Proxy:			<none>
Request params:	<none>
Query params:	<none>
Form params:	<none>
Path params:	id=3
Headers:		Accept=*/*
				Content-Type=application/json
Cookies:		token=18568447133e342
Multiparts:		<none>
Body:
{
    "firstname": "Abraham",
    "lastname": "Machado",
    "totalprice": 2323,
    "depositpaid": true,
    "bookingdates": {
        "checkin": "2021-01-01",
        "checkout": "2022-01-01"
    },
    "additionalneeds": "Breakfast"
}
HTTP/1.1 200 OK
Server: Cowboy
Connection: keep-alive
X-Powered-By: Express
Content-Type: application/json; charset=utf-8
Content-Length: 175
Etag: W/"af-1ZGueGqNRX5ivq0Srp9WjnirNBc"
Date: Sat, 26 Feb 2022 15:39:08 GMT
Via: 1.1 vegur

{
    "firstname": "Abraham",
    "lastname": "Machado",
    "totalprice": 2323,
    "depositpaid": true,
    "bookingdates": {
        "checkin": "2021-01-01",
        "checkout": "2022-01-01"
    },
    "additionalneeds": "Breakfast"
}
]]></system-out>
  <system-err><![CDATA[]]></system-err>
</testsuite>
